lerna(verbose) GitUtilities.isInitialized    ()
lerna(verbose) GitUtilities.isInitialized    () => true
lerna(verbose) GitUtilities.getTopLevelDirectory()
lerna(verbose) GitUtilities.getTopLevelDirectory() => "."
lerna(verbose) FileSystemUtilities.existsSync("./lerna.json")
lerna(verbose) FileSystemUtilities.existsSync("./lerna.json") => true
lerna(verbose) FileSystemUtilities.readFileSync("./lerna.json")
lerna(verbose) FileSystemUtilities.readFileSync("./lerna.json") => "{\n  \"lerna\": \"2.0.0-beta.38\",\n  \"packages\": [\n    \"packages/*\",\n    \"packages/providers/*\"\n  ],\n  \"changelog\": {\n    \"repo\": \"angulartics/angulartics2\",\n    \"labels\": {\n      \"Tag: Breaking Change\": \":boom: Breaking Change\",\n      \"Tag: Enhancement\": \":rocket: Enhancement\",\n      \"Tag: Bug Fix\": \":bug: Bug Fix\",\n      \"Tag: Polish\": \":nail_care: Polish\",\n      \"Tag: Documentation\": \":memo: Documentation\",\n      \"Tag: Internal\": \":house: Internal\"\n    },\n    \"cacheDir\": \".changelog\"\n  },\n  \"version\": \"0.0.0\"\n}"
lerna(verbose) FileSystemUtilities.existsSync("./package.json")
lerna(verbose) FileSystemUtilities.existsSync("./package.json") => true
lerna(verbose) FileSystemUtilities.readFileSync("./package.json")
lerna(verbose) FileSystemUtilities.readFileSync("./package.json") => "{\n  \"name\": \"@angulartics/core\",\n  \"description\": \"Vendor-agnostic web analytics for Angular applications\",\n  \"homepage\": \"http://angulartics.github.io/\",\n  \"author\": \"João Ribeiro <jonnybgod@gmail.com> (http://github.com/JonnyBGod)\",\n  \"contributors\": [\n    \"Luis Farzati <lfarzati@gmail.com> (http://github.com/luisfarzati)\",\n    \"Tim Elfelt <timelf123@gmail.com> (https://github.com/timelf123)\",\n    \"Simon Morvan <garphy@zone84.net> (https://github.com/morvans)\",\n    \"Corinna Cohn <ccohn@fusionalliance.com>\",\n    \"Tarun Garg <tarun1793@users.noreply.github.com> (https://github.com/tarun1793)\",\n    \"Ruben Oostinga <roostinga@xebia.com> (https://github.com/0xR)\",\n    \"Adam Creeger <adamcreeger@gmail.com> (https://github.com/acreeger)\",\n    \"Jan Nicklas <j.nicklas@me.com> (https://github.com/jantimon)\",\n    \"Tomás Escobar <tomasescobar@users.noreply.github.com> (https://github.com/tomasescobar)\",\n    \"Martin Crawford <bemisguided@users.noreply.github.com> (https://github.com/bemisguided)\",\n    \"Contantine Kim <elegantcoder@gmail.com> (https://github.com/elegantcoder)\",\n    \"Larry Botha <larry@fixate.it> (https://github.com/larrybotha)\",\n    \"Justin Russell <jus.russell@gmail.com> (https://github.com/jtrussell)\",\n    \"William Li <wli@williamhli.com> (https://github.com/wli)\",\n    \"pcw216 <pwinters@rallydev.com>\",\n    \"Nhat Nguyen <ndnhat@hotmail.com> (https://github.com/ndnhat)\",\n    \"Chris Mendis <chris.mendis@gmail.com> (https://github.com/chrismendis)\",\n    \"Sampo Savolainen <sampo.savolainen@spatineo.com> (https://github.com/sampov2)\",\n    \"Michał Gołębiowski <m.goleb@gmail.com> (https://github.com/mzgol)\",\n    \"Haim Litvak <haim.litvak@hp.com>\",\n    \"Hannah Fouasnon <hanelifou@gmail.com> (https://github.com/fouasnon)\",\n    \"Martin <martinlogdberg@gmail.com> (https://github.com/malog84)\",\n    \"tlekan <tom.lekan@gmail.com> (https://github.com/tlekan)\",\n    \"Blake Blackshear <bblackshear@nextgxdx.com> (https://github.com/blakeblackshear)\",\n    \"Guillermo Alcantara <guillermo.alcantara@gmail.com> (https://github.com/eipipuz)\",\n    \"Michael Cameron Delaney <michaelcamerondelaney@gmail.com> (https://github.com/NewMediaRoc)\",\n    \"Chris Soyars <ctso@ctso.me> (https://github.com/ctso)\",\n    \"Fil Maj <maj.fil@gmail.com> (https://github.com/filmaj)\",\n    \"Adam Yost <swimmadude66@users.noreply.github.com> (https://github.com/swimmadude66)\",\n    \"Adam S. Kirschner <accounts@adamskirschner.com> (https://github.com/hikirsch)\"\n  ],\n  \"devDependencies\": {\n    \"@angular/common\": \"^4.0.0\",\n    \"@angular/compiler\": \"^4.0.0\",\n    \"@angular/compiler-cli\": \"^4.0.0\",\n    \"@angular/core\": \"^4.0.0\",\n    \"@angular/platform-browser\": \"^4.0.0\",\n    \"@angular/platform-browser-dynamic\": \"^4.0.0\",\n    \"@angular/router\": \"^4.0.0\",\n    \"@types/applicationinsights-js\": \"^1.0.1\",\n    \"@types/core-js\": \"^0.9.39\",\n    \"@types/jasmine\": \"^2.5.47\",\n    \"@types/node\": \"^7.0.12\",\n    \"awesome-typescript-loader\": \"^3.1.2\",\n    \"codelyzer\": \"^2.0.1\",\n    \"commitizen\": \"^2.9.6\",\n    \"concurrently\": \"^3.3.0\",\n    \"core-js\": \"^2.4.1\",\n    \"coveralls\": \"^2.12.0\",\n    \"cz-conventional-changelog\": \"^2.0.0\",\n    \"istanbul-instrumenter-loader\": \"^0.2.0\",\n    \"jasmine-core\": \"^2.5.1\",\n    \"karma\": \"^1.5.0\",\n    \"karma-chrome-launcher\": \"^2.0.0\",\n    \"karma-coverage\": \"^1.1.1\",\n    \"karma-coveralls\": \"^1.1.2\",\n    \"karma-jasmine\": \"^1.1.0\",\n    \"karma-mocha-reporter\": \"^2.2.3\",\n    \"karma-sourcemap-loader\": \"^0.3.7\",\n    \"karma-webpack\": \"^2.0.3\",\n    \"lerna\": \"2.0.0-beta.38\",\n    \"reflect-metadata\": \"^0.1.10\",\n    \"rimraf\": \"^2.6.1\",\n    \"rxjs\": \"^5.0.2\",\n    \"semantic-release\": \"^6.3.6\",\n    \"source-map-loader\": \"^0.2.0\",\n    \"systemjs\": \"^0.20.10\",\n    \"ts-helpers\": \"^1.1.1\",\n    \"tslint\": \"^4.0.0\",\n    \"tslint-loader\": \"^3.4.2\",\n    \"typescript\": \"^2.2.2\",\n    \"webpack\": \"^2.3.2\",\n    \"zone.js\": \"^0.8.5\"\n  },\n  \"bugs\": {\n    \"url\": \"http://github.com/angulartics/angulartics2/issues\"\n  },\n  \"scripts\": {\n    \"rimraf\": \"rimraf\",\n    \"lint\": \"tslint ./*.ts ./packages/**/*.ts\",\n    \"test\": \"tsc && karma start\",\n    \"test-watch\": \"tsc && concurrently \\\"tsc -w\\\" \\\"karma start karma.conf.js\\\"\",\n    \"clean\": \"npm cache clean && npm run rimraf -- node_modules dist\",\n    \"preclean:install\": \"npm run clean\",\n    \"clean:install\": \"npm set progress=false && npm i\",\n    \"commit\": \"git-cz\",\n    \"build\": \"tsc -d && ngc\",\n    \"semantic-release\": \"semantic-release pre && npm run build && npm publish && semantic-release post\"\n  },\n  \"main\": \"./dist/index\",\n  \"typings\": \"./dist/index.d.ts\",\n  \"repository\": {\n    \"type\": \"git\",\n    \"url\": \"https://github.com/angulartics/angulartics2.git\"\n  },\n  \"keywords\": [\n    \"angular\",\n    \"ngx\",\n    \"analytics\",\n    \"tracking\",\n    \"google analytics\",\n    \"google tag manager\",\n    \"woopra\",\n    \"splunk\",\n    \"piwik\",\n    \"page tracking\",\n    \"event tracking\",\n    \"scroll tracking\",\n    \"inspectlet\"\n  ],\n  \"license\": \"MIT\",\n  \"engines\": {\n    \"node\": \">=6.9.0\"\n  },\n  \"config\": {\n    \"commitizen\": {\n      \"path\": \"node_modules/cz-conventional-changelog\"\n    }\n  }\n}"
lerna(info)    Lerna v2.0.0-beta.38
lerna(verbose) FileSystemUtilities.existsSync("./package.json")
lerna(verbose) FileSystemUtilities.existsSync("./package.json") => true
lerna(verbose) FileSystemUtilities.existsSync("./lerna.json")
lerna(verbose) FileSystemUtilities.existsSync("./lerna.json") => true
lerna(verbose) FileSystemUtilities.existsSync("./VERSION")
lerna(verbose) FileSystemUtilities.existsSync("./VERSION") => false
lerna(verbose) FileSystemUtilities.existsSync("./packages/core/package.json")
lerna(verbose) FileSystemUtilities.existsSync("./packages/core/package.json") => true
lerna(verbose) FileSystemUtilities.existsSync("./packages/providers/appinsights/package.json")
lerna(verbose) FileSystemUtilities.existsSync("./packages/providers/appinsights/package.json") => true
lerna(verbose) FileSystemUtilities.existsSync("./packages/providers/baidu/package.json")
lerna(verbose) FileSystemUtilities.existsSync("./packages/providers/baidu/package.json") => true
lerna(error)   Errored while collecting packages and package graph
    SyntaxError: /Users/joaoribeiro/Documents/Projects/angulartics2/packages/providers/baidu/package.json: Unexpected token ] in JSON at position 313
        at Object.parse (native)
        at Object.Module._extensions..json (module.js:587:27)
        at Module.load (module.js:487:32)
        at tryModuleLoad (module.js:446:12)
        at Function.Module._load (module.js:438:3)
        at Module.require (module.js:497:17)
        at require (internal/module.js:20:19)
        at /usr/local/lib/node_modules/lerna/lib/PackageUtilities.js:88:29
        at Array.forEach (native)
        at /usr/local/lib/node_modules/lerna/lib/PackageUtilities.js:81:12
